<?xml version="1.0" encoding="UTF-8"?>
<testng-results ignored="0" total="2" passed="2" failed="0" skipped="0">
  <reporter-output>
  </reporter-output>
  <suite started-at="2020-12-10T19:34:20 EET" name="Suite" finished-at="2020-12-10T19:36:38 EET" duration-ms="138134">
    <groups>
    </groups>
    <test started-at="2020-12-10T19:34:20 EET" name="Tests" finished-at="2020-12-10T19:36:38 EET" duration-ms="138134">
      <class name="tests.Steps">
        <test-method is-config="true" signature="beforeClass()[pri:0, instance:tests.Steps@436813f3]" started-at="2020-12-10T19:34:20 EET" name="beforeClass" finished-at="2020-12-10T19:34:26 EET" duration-ms="6235" status="PASS">
          <reporter-output>
          </reporter-output>
        </test-method> <!-- beforeClass -->
        <test-method signature="Should_Pass_First()[pri:0, instance:tests.Steps@436813f3]" started-at="2020-12-10T19:34:26 EET" name="Should_Pass_First" finished-at="2020-12-10T19:34:32 EET" duration-ms="5279" status="PASS">
          <reporter-output>
          </reporter-output>
        </test-method> <!-- Should_Pass_First -->
        <test-method signature="fourth()[pri:0, instance:tests.Steps@436813f3]" started-at="2020-12-10T19:34:32 EET" name="fourth" finished-at="2020-12-10T19:36:38 EET" duration-ms="126570" status="PASS">
          <reporter-output>
          </reporter-output>
        </test-method> <!-- fourth -->
        <test-method is-config="true" signature="afterClass()[pri:0, instance:tests.Steps@436813f3]" started-at="2020-12-10T19:36:38 EET" name="afterClass" finished-at="2020-12-10T19:36:38 EET" duration-ms="1" status="PASS">
          <reporter-output>
          </reporter-output>
        </test-method> <!-- afterClass -->
      </class> <!-- tests.Steps -->
    </test> <!-- Tests -->
  </suite> <!-- Suite -->
</testng-results>
